<?xml version="1.0" encoding="UTF-8"?>
<testsuite xmlns:xsi="http://www.w3.org/2001/XMLSchema-instance" xsi:noNamespaceSchemaLocation="https://maven.apache.org/surefire/maven-surefire-plugin/xsd/surefire-test-report.xsd" name="com.plivo.controllers.DeleteContactsControllerTest" time="0.008" tests="3" errors="0" skipped="0" failures="0">
  <properties>
[...]
</properties>
  <testcase name="testDeleteContactSuccess" classname="com.plivo.controllers.DeleteContactsControllerTest" time="0"/>
  <testcase name="testDeleteContactCredentialFailure" classname="com.plivo.controllers.DeleteContactsControllerTest" time="0"/>
  <testcase name="testAddContactAuthorizationFailure" classname="com.plivo.controllers.DeleteContactsControllerTest" time="0"/>
</testsuite>